This is pdfTeX, Version 3.1415926-1.40.10 (TeX Live 2009) (format=pdflatex 2009.11.7)  5 JUL 2013 15:43
entering extended mode
 %&-line parsing enabled.
**music_production_instructions.tex
(./music_production_instructions.tex
LaTeX2e <2009/09/24>
Babel <v3.8l> and hyphenation patterns for english, usenglishmax, dumylang, noh
yphenation, german-x-2009-06-19, ngerman-x-2009-06-19, ancientgreek, ibycus, ar
abic, basque, bulgarian, catalan, pinyin, coptic, croatian, czech, danish, dutc
h, esperanto, estonian, farsi, finnish, french, galician, german, ngerman, mono
greek, greek, hungarian, icelandic, indonesian, interlingua, irish, italian, ku
rmanji, latin, latvian, lithuanian, mongolian, mongolian2a, bokmal, nynorsk, po
lish, portuguese, romanian, russian, sanskrit, serbian, slovak, slovenian, span
ish, swedish, turkish, ukenglish, ukrainian, uppersorbian, welsh, loaded.
(/usr/local/texlive/2009/texmf-dist/tex/latex/base/article.cls
Document Class: article 2007/10/19 v1.4h Standard LaTeX document class
(/usr/local/texlive/2009/texmf-dist/tex/latex/base/size12.clo
File: size12.clo 2007/10/19 v1.4h Standard LaTeX file (size option)
)
\c@part=\count79
\c@section=\count80
\c@subsection=\count81
\c@subsubsection=\count82
\c@paragraph=\count83
\c@subparagraph=\count84
\c@figure=\count85
\c@table=\count86
\abovecaptionskip=\skip41
\belowcaptionskip=\skip42
\bibindent=\dimen102
)
(/usr/local/texlive/2009/texmf-dist/tex/latex/geometry/geometry.sty
Package: geometry 2008/12/21 v4.2 Page Geometry

(/usr/local/texlive/2009/texmf-dist/tex/latex/graphics/keyval.sty
Package: keyval 1999/03/16 v1.13 key=value parser (DPC)
\KV@toks@=\toks14
)
(/usr/local/texlive/2009/texmf-dist/tex/generic/oberdiek/ifpdf.sty
Package: ifpdf 2009/04/10 v2.0 Provides the ifpdf switch (HO)
Package ifpdf Info: pdfTeX in pdf mode detected.
)
(/usr/local/texlive/2009/texmf-dist/tex/generic/oberdiek/ifvtex.sty
Package: ifvtex 2008/11/04 v1.4 Switches for detecting VTeX and its modes (HO)
Package ifvtex Info: VTeX not detected.
)
\Gm@cnth=\count87
\Gm@cntv=\count88
\c@Gm@tempcnt=\count89
\Gm@bindingoffset=\dimen103
\Gm@wd@mp=\dimen104
\Gm@odd@mp=\dimen105
\Gm@even@mp=\dimen106
\Gm@dimlist=\toks15

(/usr/local/texlive/2009/texmf-dist/tex/xelatex/xetexconfig/geometry.cfg))
(/usr/local/texlive/2009/texmf-dist/tex/latex/graphics/graphicx.sty
Package: graphicx 1999/02/16 v1.0f Enhanced LaTeX Graphics (DPC,SPQR)

(/usr/local/texlive/2009/texmf-dist/tex/latex/graphics/graphics.sty
Package: graphics 2009/02/05 v1.0o Standard LaTeX Graphics (DPC,SPQR)

(/usr/local/texlive/2009/texmf-dist/tex/latex/graphics/trig.sty
Package: trig 1999/03/16 v1.09 sin cos tan (DPC)
)
(/usr/local/texlive/2009/texmf-dist/tex/latex/latexconfig/graphics.cfg
File: graphics.cfg 2009/08/28 v1.8 graphics configuration of TeX Live
)
Package graphics Info: Driver file: pdftex.def on input line 91.

(/usr/local/texlive/2009/texmf-dist/tex/latex/pdftex-def/pdftex.def
File: pdftex.def 2009/08/25 v0.04m Graphics/color for pdfTeX
\Gread@gobject=\count90
))
\Gin@req@height=\dimen107
\Gin@req@width=\dimen108
)
(/usr/local/texlive/2009/texmf-dist/tex/latex/subfigure/subfigure.sty
Package: subfigure 2002/03/15 v2.1.5 subfigure package
\subfigtopskip=\skip43
\subfigcapskip=\skip44
\subfigcaptopadj=\dimen109
\subfigbottomskip=\skip45
\subfigcapmargin=\dimen110
\subfiglabelskip=\skip46
\c@subfigure=\count91
\c@lofdepth=\count92
\c@subtable=\count93
\c@lotdepth=\count94

****************************************
* Local config file subfigure.cfg used *
****************************************
(/usr/local/texlive/2009/texmf-dist/tex/latex/subfigure/subfigure.cfg)
\subfig@top=\skip47
\subfig@bottom=\skip48
)
(/usr/local/texlive/2009/texmf-dist/tex/latex/caption/caption.sty
Package: caption 2009/10/09 v3.1k Customizing captions (AR)

(/usr/local/texlive/2009/texmf-dist/tex/latex/caption/caption3.sty
Package: caption3 2009/10/09 v3.1k caption3 kernel (AR)
\captionmargin=\dimen111
\captionmargin@=\dimen112
\captionwidth=\dimen113
\caption@indent=\dimen114
\caption@parindent=\dimen115
\caption@hangindent=\dimen116
)
\c@ContinuedFloat=\count95
Package caption Info: subfigure package is loaded.
)
(./music_production_instructions.aux

LaTeX Warning: Label `fig:slice' multiply defined.

)
\openout1 = `music_production_instructions.aux'.

LaTeX Font Info:    Checking defaults for OML/cmm/m/it on input line 18.
LaTeX Font Info:    ... okay on input line 18.
LaTeX Font Info:    Checking defaults for T1/cmr/m/n on input line 18.
LaTeX Font Info:    ... okay on input line 18.
LaTeX Font Info:    Checking defaults for OT1/cmr/m/n on input line 18.
LaTeX Font Info:    ... okay on input line 18.
LaTeX Font Info:    Checking defaults for OMS/cmsy/m/n on input line 18.
LaTeX Font Info:    ... okay on input line 18.
LaTeX Font Info:    Checking defaults for OMX/cmex/m/n on input line 18.
LaTeX Font Info:    ... okay on input line 18.
LaTeX Font Info:    Checking defaults for U/cmr/m/n on input line 18.
LaTeX Font Info:    ... okay on input line 18.

*geometry auto-detecting driver*
*geometry detected driver: pdftex*
-------------------- Geometry parameters
paper: a4paper
landscape: --
twocolumn: --
twoside: --
asymmetric: --
h-parts: 89.62709pt, 0.7\paperwidth , 89.6271pt (default)
v-parts: 101.40665pt, 0.7\paperheight , 152.11pt (default)
hmarginratio: 1:1
vmarginratio: 2:3
lines: --
heightrounded: --
bindingoffset: 0.0pt
truedimen: --
includehead: --
includefoot: --
includemp: --
driver: pdftex
-------------------- Page layout dimensions and switches
\paperwidth  597.50787pt
\paperheight 845.04684pt
\textwidth  418.25368pt
\textheight 591.5302pt
\oddsidemargin  17.3571pt
\evensidemargin 17.3571pt
\topmargin  -7.86334pt
\headheight 12.0pt
\headsep    25.0pt
\footskip   30.0pt
\marginparwidth 44.0pt
\marginparsep   10.0pt
\columnsep  10.0pt
\skip\footins  10.8pt plus 4.0pt minus 2.0pt
\hoffset 0.0pt
\voffset 0.0pt
\mag 1000

(1in=72.27pt, 1cm=28.45pt)
-----------------------
(/usr/local/texlive/2009/texmf-dist/tex/context/base/supp-pdf.mkii
[Loading MPS to PDF converter (version 2006.09.02).]
\scratchcounter=\count96
\scratchdimen=\dimen117
\scratchbox=\box26
\nofMPsegments=\count97
\nofMParguments=\count98
\everyMPshowfont=\toks16
\MPscratchCnt=\count99
\MPscratchDim=\dimen118
\MPnumerator=\count100
\everyMPtoPDFconversion=\toks17
)
Package caption Info: Begin \AtBeginDocument code.
Package caption Info: End \AtBeginDocument code.
LaTeX Font Info:    External font `cmex10' loaded for size
(Font)              <14.4> on input line 20.
LaTeX Font Info:    External font `cmex10' loaded for size
(Font)              <7> on input line 20.
 <fig/garageband.png, id=1, 513.92pt x 513.92pt>
File: fig/garageband.png Graphic file (type png)
 <use fig/garageband.png>
<fig/icon.jpg, id=3, 341.275pt x 302.12875pt>
File: fig/icon.jpg Graphic file (type jpg)
 <use fig/icon.jpg>
<fig/main_screen.png, id=4, 2053.6725pt x 993.7125pt>
File: fig/main_screen.png Graphic file (type png)

<use fig/main_screen.png>

LaTeX Warning: `h' float specifier changed to `ht'.

[1

{/usr/local/texlive/2009/texmf-var/fonts/map/pdftex/updmap/pdftex.map} <./fig/g
arageband.png> <./fig/icon.jpg>]
<fig/main.png, id=12, 668.4975pt x 491.436pt>
File: fig/main.png Graphic file (type png)
 <use fig/main.png>

LaTeX Warning: `h' float specifier changed to `ht'.

[2 <./fig/main_screen.png>] <fig/step1.png, id=18, 2052.66875pt x 493.845pt>
File: fig/step1.png Graphic file (type png)

<use fig/step1.png> <fig/step2.png, id=19, 1200.485pt x 183.68625pt>
File: fig/step2.png Graphic file (type png)

<use fig/step2.png> <fig/step3.png, id=20, 1203.49625pt x 183.68625pt>
File: fig/step3.png Graphic file (type png)

<use fig/step3.png> [3 <./fig/main.png> <./fig/step1.png> <./fig/step2.png>]
<fig/step4.png, id=27, 1597.97pt x 508.90125pt>
File: fig/step4.png Graphic file (type png)
 <use fig/step4.png>
<fig/step5.png, id=28, 2053.6725pt x 179.67125pt>
File: fig/step5.png Graphic file (type png)
 <use fig/step5.png>
Overfull \hbox (15.36632pt too wide) in paragraph at lines 98--99
 [][] 
 []

<fig/step6.png, id=29, 844.15375pt x 1087.06125pt>
File: fig/step6.png Graphic file (type png)
 <use fig/step6.png> [4 <./fig/step3.png> <./fig/step4.png> <./fig/step5.png>]
<fig/audio.png, id=36, 960.58875pt x 1499.6025pt>
File: fig/audio.png Graphic file (type png)
 <use fig/audio.png> [5 <./fig/step6.png>] <fig/inst1.png, id=41, 1562.83875pt 
x 1160.335pt>
File: fig/inst1.png Graphic file (type png)

<use fig/inst1.png> <fig/inst2.png, id=42, 2055.68pt x 1541.76pt>
File: fig/inst2.png Graphic file (type png)

<use fig/inst2.png>

LaTeX Warning: `h' float specifier changed to `ht'.

[6 <./fig/audio.png>] [7 <./fig/inst1.png> <./fig/inst2.png>]
<fig/share.png, id=53, 2046.64626pt x 1035.87pt>
File: fig/share.png Graphic file (type png)
 <use fig/share.png> [8 <./fig/share.png>] (./music_production_instructions.aux
)

LaTeX Warning: There were multiply-defined labels.

 ) 
Here is how much of TeX's memory you used:
 2450 strings out of 493848
 37686 string characters out of 3149207
 102591 words of memory out of 3000000
 5739 multiletter control sequences out of 15000+200000
 6717 words of font info for 24 fonts, out of 3000000 for 9000
 714 hyphenation exceptions out of 8191
 36i,6n,38p,583b,269s stack positions out of 5000i,500n,10000p,200000b,50000s
</usr/local/texlive/2009/texmf-dist/fonts/type1/public/amsfonts/cm/cmbx12.pfb
></usr/local/texlive/2009/texmf-dist/fonts/type1/public/amsfonts/cm/cmr12.pfb><
/usr/local/texlive/2009/texmf-dist/fonts/type1/public/amsfonts/cm/cmti12.pfb>
Output written on music_production_instructions.pdf (8 pages, 6403086 bytes).
PDF statistics:
 69 PDF objects out of 1000 (max. 8388607)
 0 named destinations out of 1000 (max. 500000)
 71 words of extra memory for PDF output out of 10000 (max. 10000000)

