This is pdfTeX, Version 3.1415926-2.5-1.40.14 (TeX Live 2013) (format=pdflatex 2013.5.30)  11 JUL 2013 14:24
entering extended mode
 restricted \write18 enabled.
 %&-line parsing enabled.
**Analog&Digital-WriteUp-2013.tex
(./Analog&Digital-WriteUp-2013.tex
LaTeX2e <2011/06/27>
Babel <3.9f> and hyphenation patterns for 78 languages loaded.
(/usr/local/texlive/2013/texmf-dist/tex/latex/base/article.cls
Document Class: article 2007/10/19 v1.4h Standard LaTeX document class
(/usr/local/texlive/2013/texmf-dist/tex/latex/base/size12.clo
File: size12.clo 2007/10/19 v1.4h Standard LaTeX file (size option)
)
\c@part=\count79
\c@section=\count80
\c@subsection=\count81
\c@subsubsection=\count82
\c@paragraph=\count83
\c@subparagraph=\count84
\c@figure=\count85
\c@table=\count86
\abovecaptionskip=\skip41
\belowcaptionskip=\skip42
\bibindent=\dimen102
)
(/usr/local/texlive/2013/texmf-dist/tex/latex/base/alltt.sty
Package: alltt 1997/06/16 v2.0g defines alltt environment
)
(/usr/local/texlive/2013/texmf-dist/tex/latex/graphics/epsfig.sty
Package: epsfig 1999/02/16 v1.7a (e)psfig emulation (SPQR)

(/usr/local/texlive/2013/texmf-dist/tex/latex/graphics/graphicx.sty
Package: graphicx 1999/02/16 v1.0f Enhanced LaTeX Graphics (DPC,SPQR)

(/usr/local/texlive/2013/texmf-dist/tex/latex/graphics/keyval.sty
Package: keyval 1999/03/16 v1.13 key=value parser (DPC)
\KV@toks@=\toks14
)
(/usr/local/texlive/2013/texmf-dist/tex/latex/graphics/graphics.sty
Package: graphics 2009/02/05 v1.0o Standard LaTeX Graphics (DPC,SPQR)

(/usr/local/texlive/2013/texmf-dist/tex/latex/graphics/trig.sty
Package: trig 1999/03/16 v1.09 sin cos tan (DPC)
)
(/usr/local/texlive/2013/texmf-dist/tex/latex/latexconfig/graphics.cfg
File: graphics.cfg 2010/04/23 v1.9 graphics configuration of TeX Live
)
Package graphics Info: Driver file: pdftex.def on input line 91.

(/usr/local/texlive/2013/texmf-dist/tex/latex/pdftex-def/pdftex.def
File: pdftex.def 2011/05/27 v0.06d Graphics/color for pdfTeX

(/usr/local/texlive/2013/texmf-dist/tex/generic/oberdiek/infwarerr.sty
Package: infwarerr 2010/04/08 v1.3 Providing info/warning/error messages (HO)
)
(/usr/local/texlive/2013/texmf-dist/tex/generic/oberdiek/ltxcmds.sty
Package: ltxcmds 2011/11/09 v1.22 LaTeX kernel commands for general use (HO)
)
\Gread@gobject=\count87
))
\Gin@req@height=\dimen103
\Gin@req@width=\dimen104
)
\epsfxsize=\dimen105
\epsfysize=\dimen106
)
(/usr/local/texlive/2013/texmf-dist/tex/latex/amsmath/amsmath.sty
Package: amsmath 2013/01/14 v2.14 AMS math features
\@mathmargin=\skip43

For additional information on amsmath, use the `?' option.
(/usr/local/texlive/2013/texmf-dist/tex/latex/amsmath/amstext.sty
Package: amstext 2000/06/29 v2.01

(/usr/local/texlive/2013/texmf-dist/tex/latex/amsmath/amsgen.sty
File: amsgen.sty 1999/11/30 v2.0
\@emptytoks=\toks15
\ex@=\dimen107
))
(/usr/local/texlive/2013/texmf-dist/tex/latex/amsmath/amsbsy.sty
Package: amsbsy 1999/11/29 v1.2d
\pmbraise@=\dimen108
)
(/usr/local/texlive/2013/texmf-dist/tex/latex/amsmath/amsopn.sty
Package: amsopn 1999/12/14 v2.01 operator names
)
\inf@bad=\count88
LaTeX Info: Redefining \frac on input line 210.
\uproot@=\count89
\leftroot@=\count90
LaTeX Info: Redefining \overline on input line 306.
\classnum@=\count91
\DOTSCASE@=\count92
LaTeX Info: Redefining \ldots on input line 378.
LaTeX Info: Redefining \dots on input line 381.
LaTeX Info: Redefining \cdots on input line 466.
\Mathstrutbox@=\box26
\strutbox@=\box27
\big@size=\dimen109
LaTeX Font Info:    Redeclaring font encoding OML on input line 566.
LaTeX Font Info:    Redeclaring font encoding OMS on input line 567.
\macc@depth=\count93
\c@MaxMatrixCols=\count94
\dotsspace@=\muskip10
\c@parentequation=\count95
\dspbrk@lvl=\count96
\tag@help=\toks16
\row@=\count97
\column@=\count98
\maxfields@=\count99
\andhelp@=\toks17
\eqnshift@=\dimen110
\alignsep@=\dimen111
\tagshift@=\dimen112
\tagwidth@=\dimen113
\totwidth@=\dimen114
\lineht@=\dimen115
\@envbody=\toks18
\multlinegap=\skip44
\multlinetaggap=\skip45
\mathdisplay@stack=\toks19
LaTeX Info: Redefining \[ on input line 2665.
LaTeX Info: Redefining \] on input line 2666.
)
(/usr/local/texlive/2013/texmf-dist/tex/latex/setspace/setspace.sty
Package: setspace 2011/12/19 v6.7a set line spacing
)
(../macros/figures.tex) (../macros/text.tex) (../macros/misc.tex)
(../macros/equations.tex) (../macros/code.tex)
(./Analog&Digital-WriteUp-2013.aux)
\openout1 = `Analog&Digital-WriteUp-2013.aux'.

LaTeX Font Info:    Checking defaults for OML/cmm/m/it on input line 30.
LaTeX Font Info:    ... okay on input line 30.
LaTeX Font Info:    Checking defaults for T1/cmr/m/n on input line 30.
LaTeX Font Info:    ... okay on input line 30.
LaTeX Font Info:    Checking defaults for OT1/cmr/m/n on input line 30.
LaTeX Font Info:    ... okay on input line 30.
LaTeX Font Info:    Checking defaults for OMS/cmsy/m/n on input line 30.
LaTeX Font Info:    ... okay on input line 30.
LaTeX Font Info:    Checking defaults for OMX/cmex/m/n on input line 30.
LaTeX Font Info:    ... okay on input line 30.
LaTeX Font Info:    Checking defaults for U/cmr/m/n on input line 30.
LaTeX Font Info:    ... okay on input line 30.

(/usr/local/texlive/2013/texmf-dist/tex/context/base/supp-pdf.mkii
[Loading MPS to PDF converter (version 2006.09.02).]
\scratchcounter=\count100
\scratchdimen=\dimen116
\scratchbox=\box28
\nofMPsegments=\count101
\nofMParguments=\count102
\everyMPshowfont=\toks20
\MPscratchCnt=\count103
\MPscratchDim=\dimen117
\MPnumerator=\count104
\makeMPintoPDFobject=\count105
\everyMPtoPDFconversion=\toks21
) (/usr/local/texlive/2013/texmf-dist/tex/generic/oberdiek/pdftexcmds.sty
Package: pdftexcmds 2011/11/29 v0.20 Utility functions of pdfTeX for LuaTeX (HO
)

(/usr/local/texlive/2013/texmf-dist/tex/generic/oberdiek/ifluatex.sty
Package: ifluatex 2010/03/01 v1.3 Provides the ifluatex switch (HO)
Package ifluatex Info: LuaTeX not detected.
)
(/usr/local/texlive/2013/texmf-dist/tex/generic/oberdiek/ifpdf.sty
Package: ifpdf 2011/01/30 v2.3 Provides the ifpdf switch (HO)
Package ifpdf Info: pdfTeX in PDF mode is detected.
)
Package pdftexcmds Info: LuaTeX not detected.
Package pdftexcmds Info: \pdf@primitive is available.
Package pdftexcmds Info: \pdf@ifprimitive is available.
Package pdftexcmds Info: \pdfdraftmode found.
)
(/usr/local/texlive/2013/texmf-dist/tex/latex/oberdiek/epstopdf-base.sty
Package: epstopdf-base 2010/02/09 v2.5 Base part for package epstopdf

(/usr/local/texlive/2013/texmf-dist/tex/latex/oberdiek/grfext.sty
Package: grfext 2010/08/19 v1.1 Manage graphics extensions (HO)

(/usr/local/texlive/2013/texmf-dist/tex/generic/oberdiek/kvdefinekeys.sty
Package: kvdefinekeys 2011/04/07 v1.3 Define keys (HO)
))
(/usr/local/texlive/2013/texmf-dist/tex/latex/oberdiek/kvoptions.sty
Package: kvoptions 2011/06/30 v3.11 Key value format for package options (HO)

(/usr/local/texlive/2013/texmf-dist/tex/generic/oberdiek/kvsetkeys.sty
Package: kvsetkeys 2012/04/25 v1.16 Key value parser (HO)

(/usr/local/texlive/2013/texmf-dist/tex/generic/oberdiek/etexcmds.sty
Package: etexcmds 2011/02/16 v1.5 Avoid name clashes with e-TeX commands (HO)
Package etexcmds Info: Could not find \expanded.
(etexcmds)             That can mean that you are not using pdfTeX 1.50 or
(etexcmds)             that some package has redefined \expanded.
(etexcmds)             In the latter case, load this package earlier.
)))
Package grfext Info: Graphics extension search list:
(grfext)             [.png,.pdf,.jpg,.mps,.jpeg,.jbig2,.jb2,.PNG,.PDF,.JPG,.JPE
G,.JBIG2,.JB2,.eps]
(grfext)             \AppendGraphicsExtensions on input line 452.

(/usr/local/texlive/2013/texmf-dist/tex/latex/latexconfig/epstopdf-sys.cfg
File: epstopdf-sys.cfg 2010/07/13 v1.3 Configuration of (r)epstopdf for TeX Liv
e
))
[1

{/usr/local/texlive/2013/texmf-var/fonts/map/pdftex/updmap/pdftex.map}]
<../graphics/plot_2.png, id=9, 896.148pt x 538.1706pt>
File: ../graphics/plot_2.png Graphic file (type png)

<use ../graphics/plot_2.png>
Package pdftex.def Info: ../graphics/plot_2.png used on input line 60.
(pdftex.def)             Requested size: 399.2946pt x 239.7931pt.
 [2 <../graphics/plot_2.png>]
LaTeX Font Info:    Try loading font information for OMS+cmr on input line 70.

(/usr/local/texlive/2013/texmf-dist/tex/latex/base/omscmr.fd
File: omscmr.fd 1999/05/25 v2.5h Standard LaTeX font definitions
)
LaTeX Font Info:    Font shape `OMS/cmr/m/n' in size <12> not available
(Font)              Font shape `OMS/cmsy/m/n' tried instead on input line 70.

<../graphics/plot_3.png, id=13, 896.148pt x 538.1706pt>
File: ../graphics/plot_3.png Graphic file (type png)

<use ../graphics/plot_3.png>
Package pdftex.def Info: ../graphics/plot_3.png used on input line 77.
(pdftex.def)             Requested size: 399.2946pt x 239.7931pt.
 [3 <../graphics/plot_3.png>]
<../graphics/plot_11.png, id=18, 896.148pt x 538.1706pt>
File: ../graphics/plot_11.png Graphic file (type png)

<use ../graphics/plot_11.png>
Package pdftex.def Info: ../graphics/plot_11.png used on input line 89.
(pdftex.def)             Requested size: 399.2946pt x 239.7931pt.
 [4 <../graphics/plot_11.png>]
<../graphics/plot_4.png, id=22, 896.148pt x 538.1706pt>
File: ../graphics/plot_4.png Graphic file (type png)

<use ../graphics/plot_4.png>
Package pdftex.def Info: ../graphics/plot_4.png used on input line 106.
(pdftex.def)             Requested size: 399.2946pt x 239.7931pt.
 [5 <../graphics/plot_4.png>]
<../graphics/plot_5.png, id=26, 896.148pt x 538.1706pt>
File: ../graphics/plot_5.png Graphic file (type png)

<use ../graphics/plot_5.png>
Package pdftex.def Info: ../graphics/plot_5.png used on input line 118.
(pdftex.def)             Requested size: 399.2946pt x 239.7931pt.
 [6 <../graphics/plot_5.png>]
<../graphics/plot_1.png, id=30, 896.148pt x 538.1706pt>
File: ../graphics/plot_1.png Graphic file (type png)

<use ../graphics/plot_1.png>
Package pdftex.def Info: ../graphics/plot_1.png used on input line 130.
(pdftex.def)             Requested size: 399.2946pt x 239.7931pt.
 [7 <../graphics/plot_1.png>]
<../graphics/plot_13.png, id=35, 895.6662pt x 537.6888pt>
File: ../graphics/plot_13.png Graphic file (type png)

<use ../graphics/plot_13.png>
Package pdftex.def Info: ../graphics/plot_13.png used on input line 142.
(pdftex.def)             Requested size: 399.2946pt x 239.70149pt.
 [8 <../graphics/plot_13.png>]
<../graphics/plot_6.png, id=41, 896.148pt x 538.1706pt>
File: ../graphics/plot_6.png Graphic file (type png)

<use ../graphics/plot_6.png>
Package pdftex.def Info: ../graphics/plot_6.png used on input line 149.
(pdftex.def)             Requested size: 399.2946pt x 239.7931pt.
 [9 <../graphics/plot_6.png>]
<../graphics/plot_7.png, id=45, 896.148pt x 538.1706pt>
File: ../graphics/plot_7.png Graphic file (type png)

<use ../graphics/plot_7.png>
Package pdftex.def Info: ../graphics/plot_7.png used on input line 156.
(pdftex.def)             Requested size: 399.2946pt x 239.7931pt.
 [10 <../graphics/plot_7.png>]
<../graphics/plot_8.png, id=49, 896.148pt x 538.1706pt>
File: ../graphics/plot_8.png Graphic file (type png)

<use ../graphics/plot_8.png>
Package pdftex.def Info: ../graphics/plot_8.png used on input line 163.
(pdftex.def)             Requested size: 399.2946pt x 239.7931pt.
 [11 <../graphics/plot_8.png>]
<../graphics/plot_9.png, id=53, 896.148pt x 538.1706pt>
File: ../graphics/plot_9.png Graphic file (type png)

<use ../graphics/plot_9.png>
Package pdftex.def Info: ../graphics/plot_9.png used on input line 170.
(pdftex.def)             Requested size: 399.2946pt x 239.7931pt.
 [12 <../graphics/plot_9.png>]
<../graphics/plot_12.png, id=57, 896.148pt x 538.1706pt>
File: ../graphics/plot_12.png Graphic file (type png)

<use ../graphics/plot_12.png>
Package pdftex.def Info: ../graphics/plot_12.png used on input line 177.
(pdftex.def)             Requested size: 399.2946pt x 239.7931pt.
 [13 <../graphics/plot_12.png>]
<../graphics/plot_10.png, id=62, 896.148pt x 538.1706pt>
File: ../graphics/plot_10.png Graphic file (type png)

<use ../graphics/plot_10.png>
Package pdftex.def Info: ../graphics/plot_10.png used on input line 184.
(pdftex.def)             Requested size: 399.2946pt x 239.7931pt.
 [14 <../graphics/plot_10.png>]
<../graphics/plot_15.png, id=66, 895.6662pt x 537.6888pt>
File: ../graphics/plot_15.png Graphic file (type png)

<use ../graphics/plot_15.png>
Package pdftex.def Info: ../graphics/plot_15.png used on input line 191.
(pdftex.def)             Requested size: 399.2946pt x 239.70149pt.
 [15 <../graphics/plot_15.png>]
<../graphics/plot_14.png, id=71, 895.6662pt x 537.6888pt>
File: ../graphics/plot_14.png Graphic file (type png)

<use ../graphics/plot_14.png>
Package pdftex.def Info: ../graphics/plot_14.png used on input line 198.
(pdftex.def)             Requested size: 399.2946pt x 239.70149pt.
 [16 <../graphics/plot_14.png>]
(./Analog&Digital-WriteUp-2013.aux) )
(\end occurred inside a group at level 1)

### semi simple group (level 1) entered at line 35 (\begingroup)
### bottom level 
Here is how much of TeX's memory you used:
 2287 strings out of 493315
 32094 string characters out of 6137904
 90151 words of memory out of 5000000
 5687 multiletter control sequences out of 15000+600000
 8310 words of font info for 30 fonts, out of 8000000 for 9000
 957 hyphenation exceptions out of 8191
 38i,6n,23p,365b,282s stack positions out of 5000i,500n,10000p,200000b,80000s
</usr/local/texlive/2013/texmf-dist/fonts/type1/public/amsfonts
/cm/cmbx12.pfb></usr/local/texlive/2013/texmf-dist/fonts/type1/public/amsfonts/
cm/cmr12.pfb></usr/local/texlive/2013/texmf-dist/fonts/type1/public/amsfonts/cm
/cmsy10.pfb></usr/local/texlive/2013/texmf-dist/fonts/type1/public/amsfonts/cm/
cmti12.pfb>
Output written on Analog&Digital-WriteUp-2013.pdf (16 pages, 1376460 bytes).
PDF statistics:
 91 PDF objects out of 1000 (max. 8388607)
 50 compressed objects within 1 object stream
 0 named destinations out of 1000 (max. 500000)
 76 words of extra memory for PDF output out of 10000 (max. 10000000)

