This is pdfTeX, Version 3.1415926-1.40.10 (MiKTeX 2.8) (preloaded format=pdflatex 2011.1.12)  12 JAN 2011 21:00
entering extended mode
**C:/Documents*and*Settings/mzimmerman/Desktop/Dropbox/ECE-L304/Week*1/TeX/macr
os/figures.tex

("C:/Documents and Settings/mzimmerman/Desktop/Dropbox/ECE-L304/Week 1/TeX/macr
os/figures.tex"
LaTeX2e <2009/09/24>
Babel <v3.8l> and hyphenation patterns for english, dumylang, nohyphenation, ge
rman, ngerman, german-x-2009-06-19, ngerman-x-2009-06-19, french, loaded.
)
*
! Emergency stop.
<*> ...pbox/ECE-L304/Week*1/TeX/macros/figures.tex
                                                  
End of file on the terminal!

 
Here is how much of TeX's memory you used:
 10 strings out of 495285
 357 string characters out of 3180274
 45037 words of memory out of 3000000
 3309 multiletter control sequences out of 15000+200000
 3640 words of font info for 14 fonts, out of 3000000 for 9000
 14 hyphenation exceptions out of 8191
 7i,0n,6p,125b,8s stack positions out of 5000i,500n,10000p,200000b,50000s
!  ==> Fatal error occurred, no output PDF file produced!
