This is pdfTeX, Version 3.1415926-2.5-1.40.14 (TeX Live 2013) (format=pdflatex 2013.5.30)  23 JUL 2013 15:29
entering extended mode
 restricted \write18 enabled.
 %&-line parsing enabled.
**SpeakerBuilding_Handout.tex
(./SpeakerBuilding_Handout.tex
LaTeX2e <2011/06/27>
Babel <3.9f> and hyphenation patterns for 78 languages loaded.
(/usr/local/texlive/2013/texmf-dist/tex/latex/base/article.cls
Document Class: article 2007/10/19 v1.4h Standard LaTeX document class
(/usr/local/texlive/2013/texmf-dist/tex/latex/base/size11.clo
File: size11.clo 2007/10/19 v1.4h Standard LaTeX file (size option)
)
\c@part=\count79
\c@section=\count80
\c@subsection=\count81
\c@subsubsection=\count82
\c@paragraph=\count83
\c@subparagraph=\count84
\c@figure=\count85
\c@table=\count86
\abovecaptionskip=\skip41
\belowcaptionskip=\skip42
\bibindent=\dimen102
)
(/usr/local/texlive/2013/texmf-dist/tex/latex/graphics/epsfig.sty
Package: epsfig 1999/02/16 v1.7a (e)psfig emulation (SPQR)

(/usr/local/texlive/2013/texmf-dist/tex/latex/graphics/graphicx.sty
Package: graphicx 1999/02/16 v1.0f Enhanced LaTeX Graphics (DPC,SPQR)

(/usr/local/texlive/2013/texmf-dist/tex/latex/graphics/keyval.sty
Package: keyval 1999/03/16 v1.13 key=value parser (DPC)
\KV@toks@=\toks14
)
(/usr/local/texlive/2013/texmf-dist/tex/latex/graphics/graphics.sty
Package: graphics 2009/02/05 v1.0o Standard LaTeX Graphics (DPC,SPQR)

(/usr/local/texlive/2013/texmf-dist/tex/latex/graphics/trig.sty
Package: trig 1999/03/16 v1.09 sin cos tan (DPC)
)
(/usr/local/texlive/2013/texmf-dist/tex/latex/latexconfig/graphics.cfg
File: graphics.cfg 2010/04/23 v1.9 graphics configuration of TeX Live
)
Package graphics Info: Driver file: pdftex.def on input line 91.

(/usr/local/texlive/2013/texmf-dist/tex/latex/pdftex-def/pdftex.def
File: pdftex.def 2011/05/27 v0.06d Graphics/color for pdfTeX

(/usr/local/texlive/2013/texmf-dist/tex/generic/oberdiek/infwarerr.sty
Package: infwarerr 2010/04/08 v1.3 Providing info/warning/error messages (HO)
)
(/usr/local/texlive/2013/texmf-dist/tex/generic/oberdiek/ltxcmds.sty
Package: ltxcmds 2011/11/09 v1.22 LaTeX kernel commands for general use (HO)
)
\Gread@gobject=\count87
))
\Gin@req@height=\dimen103
\Gin@req@width=\dimen104
)
\epsfxsize=\dimen105
\epsfysize=\dimen106
)
(/usr/local/texlive/2013/texmf-dist/tex/latex/base/alltt.sty
Package: alltt 1997/06/16 v2.0g defines alltt environment
)
(/usr/local/texlive/2013/texmf-dist/tex/latex/amsmath/amsmath.sty
Package: amsmath 2013/01/14 v2.14 AMS math features
\@mathmargin=\skip43

For additional information on amsmath, use the `?' option.
(/usr/local/texlive/2013/texmf-dist/tex/latex/amsmath/amstext.sty
Package: amstext 2000/06/29 v2.01

(/usr/local/texlive/2013/texmf-dist/tex/latex/amsmath/amsgen.sty
File: amsgen.sty 1999/11/30 v2.0
\@emptytoks=\toks15
\ex@=\dimen107
))
(/usr/local/texlive/2013/texmf-dist/tex/latex/amsmath/amsbsy.sty
Package: amsbsy 1999/11/29 v1.2d
\pmbraise@=\dimen108
)
(/usr/local/texlive/2013/texmf-dist/tex/latex/amsmath/amsopn.sty
Package: amsopn 1999/12/14 v2.01 operator names
)
\inf@bad=\count88
LaTeX Info: Redefining \frac on input line 210.
\uproot@=\count89
\leftroot@=\count90
LaTeX Info: Redefining \overline on input line 306.
\classnum@=\count91
\DOTSCASE@=\count92
LaTeX Info: Redefining \ldots on input line 378.
LaTeX Info: Redefining \dots on input line 381.
LaTeX Info: Redefining \cdots on input line 466.
\Mathstrutbox@=\box26
\strutbox@=\box27
\big@size=\dimen109
LaTeX Font Info:    Redeclaring font encoding OML on input line 566.
LaTeX Font Info:    Redeclaring font encoding OMS on input line 567.
\macc@depth=\count93
\c@MaxMatrixCols=\count94
\dotsspace@=\muskip10
\c@parentequation=\count95
\dspbrk@lvl=\count96
\tag@help=\toks16
\row@=\count97
\column@=\count98
\maxfields@=\count99
\andhelp@=\toks17
\eqnshift@=\dimen110
\alignsep@=\dimen111
\tagshift@=\dimen112
\tagwidth@=\dimen113
\totwidth@=\dimen114
\lineht@=\dimen115
\@envbody=\toks18
\multlinegap=\skip44
\multlinetaggap=\skip45
\mathdisplay@stack=\toks19
LaTeX Info: Redefining \[ on input line 2665.
LaTeX Info: Redefining \] on input line 2666.
)
(/usr/local/texlive/2013/texmf-dist/tex/latex/tools/multicol.sty
Package: multicol 2011/06/27 v1.7a multicolumn formatting (FMi)
\c@tracingmulticols=\count100
\mult@box=\box28
\multicol@leftmargin=\dimen116
\c@unbalance=\count101
\c@collectmore=\count102
\doublecol@number=\count103
\multicoltolerance=\count104
\multicolpretolerance=\count105
\full@width=\dimen117
\page@free=\dimen118
\premulticols=\dimen119
\postmulticols=\dimen120
\multicolsep=\skip46
\multicolbaselineskip=\skip47
\partial@page=\box29
\last@line=\box30
\mult@rightbox=\box31
\mult@grightbox=\box32
\mult@gfirstbox=\box33
\mult@firstbox=\box34
\@tempa=\box35
\@tempa=\box36
\@tempa=\box37
\@tempa=\box38
\@tempa=\box39
\@tempa=\box40
\@tempa=\box41
\@tempa=\box42
\@tempa=\box43
\@tempa=\box44
\@tempa=\box45
\@tempa=\box46
\@tempa=\box47
\@tempa=\box48
\@tempa=\box49
\@tempa=\box50
\@tempa=\box51
\c@columnbadness=\count106
\c@finalcolumnbadness=\count107
\last@try=\dimen121
\multicolovershoot=\dimen122
\multicolundershoot=\dimen123
\mult@nat@firstbox=\box52
\colbreak@box=\box53
\multicol@sort@counter=\count108
)
(/usr/local/texlive/2013/texmf-dist/tex/latex/wrapfig/wrapfig.sty
\wrapoverhang=\dimen124
\WF@size=\dimen125
\c@WF@wrappedlines=\count109
\WF@box=\box54
\WF@everypar=\toks20
Package: wrapfig 2003/01/31  v 3.6
)
(/usr/local/texlive/2013/texmf-dist/tex/latex/float/float.sty
Package: float 2001/11/08 v1.3d Float enhancements (AL)
\c@float@type=\count110
\float@exts=\toks21
\float@box=\box55
\@float@everytoks=\toks22
\@floatcapt=\box56
)
(/usr/local/texlive/2013/texmf-dist/tex/latex/subfigure/subfigure.sty
Package: subfigure 2002/03/15 v2.1.5 subfigure package
\subfigtopskip=\skip48
\subfigcapskip=\skip49
\subfigcaptopadj=\dimen126
\subfigbottomskip=\skip50
\subfigcapmargin=\dimen127
\subfiglabelskip=\skip51
\c@subfigure=\count111
\c@lofdepth=\count112
\c@subtable=\count113
\c@lotdepth=\count114

****************************************
* Local config file subfigure.cfg used *
****************************************
(/usr/local/texlive/2013/texmf-dist/tex/latex/subfigure/subfigure.cfg)
\subfig@top=\skip52
\subfig@bottom=\skip53
)
(/usr/local/texlive/2013/texmf-dist/tex/latex/tools/tabularx.sty
Package: tabularx 1999/01/07 v2.07 `tabularx' package (DPC)

(/usr/local/texlive/2013/texmf-dist/tex/latex/tools/array.sty
Package: array 2008/09/09 v2.4c Tabular extension package (FMi)
\col@sep=\dimen128
\extrarowheight=\dimen129
\NC@list=\toks23
\extratabsurround=\skip54
\backup@length=\skip55
)
\TX@col@width=\dimen130
\TX@old@table=\dimen131
\TX@old@col=\dimen132
\TX@target=\dimen133
\TX@delta=\dimen134
\TX@cols=\count115
\TX@ftn=\toks24
)
(/usr/local/texlive/2013/texmf-dist/tex/latex/fancyhdr/fancyheadings.sty
Package: fancyheadings 2008/02/04 1.99 Dummy package to call fancyhdr


Package fancyheadings Warning: Please stop using fancyheadings!
(fancyheadings)                Use fancyhdr instead.
(fancyheadings)                We will call fancyhdr with the very same
(fancyheadings)                options you passed to fancyheadings.
(fancyheadings)                
(fancyheadings)                fancyhdr is 99 percent compatible with
(fancyheadings)                fancyheadings. The only incompatibility is
(fancyheadings)                that \headrulewidth and \footrulewidth and
(fancyheadings)                their \plain... versions are no longer length
(fancyheadings)                parameters, but normal macros (to be changed
(fancyheadings)                with \renewcommand rather than \setlength)..

(/usr/local/texlive/2013/texmf-dist/tex/latex/fancyhdr/fancyhdr.sty
\fancy@headwidth=\skip56
\f@ncyO@elh=\skip57
\f@ncyO@erh=\skip58
\f@ncyO@olh=\skip59
\f@ncyO@orh=\skip60
\f@ncyO@elf=\skip61
\f@ncyO@erf=\skip62
\f@ncyO@olf=\skip63
\f@ncyO@orf=\skip64
))
(./SpeakerBuilding_Handout.aux)
\openout1 = `SpeakerBuilding_Handout.aux'.

LaTeX Font Info:    Checking defaults for OML/cmm/m/it on input line 40.
LaTeX Font Info:    ... okay on input line 40.
LaTeX Font Info:    Checking defaults for T1/cmr/m/n on input line 40.
LaTeX Font Info:    ... okay on input line 40.
LaTeX Font Info:    Checking defaults for OT1/cmr/m/n on input line 40.
LaTeX Font Info:    ... okay on input line 40.
LaTeX Font Info:    Checking defaults for OMS/cmsy/m/n on input line 40.
LaTeX Font Info:    ... okay on input line 40.
LaTeX Font Info:    Checking defaults for OMX/cmex/m/n on input line 40.
LaTeX Font Info:    ... okay on input line 40.
LaTeX Font Info:    Checking defaults for U/cmr/m/n on input line 40.
LaTeX Font Info:    ... okay on input line 40.

(/usr/local/texlive/2013/texmf-dist/tex/context/base/supp-pdf.mkii
[Loading MPS to PDF converter (version 2006.09.02).]
\scratchcounter=\count116
\scratchdimen=\dimen135
\scratchbox=\box57
\nofMPsegments=\count117
\nofMParguments=\count118
\everyMPshowfont=\toks25
\MPscratchCnt=\count119
\MPscratchDim=\dimen136
\MPnumerator=\count120
\makeMPintoPDFobject=\count121
\everyMPtoPDFconversion=\toks26
) (/usr/local/texlive/2013/texmf-dist/tex/generic/oberdiek/pdftexcmds.sty
Package: pdftexcmds 2011/11/29 v0.20 Utility functions of pdfTeX for LuaTeX (HO
)

(/usr/local/texlive/2013/texmf-dist/tex/generic/oberdiek/ifluatex.sty
Package: ifluatex 2010/03/01 v1.3 Provides the ifluatex switch (HO)
Package ifluatex Info: LuaTeX not detected.
)
(/usr/local/texlive/2013/texmf-dist/tex/generic/oberdiek/ifpdf.sty
Package: ifpdf 2011/01/30 v2.3 Provides the ifpdf switch (HO)
Package ifpdf Info: pdfTeX in PDF mode is detected.
)
Package pdftexcmds Info: LuaTeX not detected.
Package pdftexcmds Info: \pdf@primitive is available.
Package pdftexcmds Info: \pdf@ifprimitive is available.
Package pdftexcmds Info: \pdfdraftmode found.
)
(/usr/local/texlive/2013/texmf-dist/tex/latex/oberdiek/epstopdf-base.sty
Package: epstopdf-base 2010/02/09 v2.5 Base part for package epstopdf

(/usr/local/texlive/2013/texmf-dist/tex/latex/oberdiek/grfext.sty
Package: grfext 2010/08/19 v1.1 Manage graphics extensions (HO)

(/usr/local/texlive/2013/texmf-dist/tex/generic/oberdiek/kvdefinekeys.sty
Package: kvdefinekeys 2011/04/07 v1.3 Define keys (HO)
))
(/usr/local/texlive/2013/texmf-dist/tex/latex/oberdiek/kvoptions.sty
Package: kvoptions 2011/06/30 v3.11 Key value format for package options (HO)

(/usr/local/texlive/2013/texmf-dist/tex/generic/oberdiek/kvsetkeys.sty
Package: kvsetkeys 2012/04/25 v1.16 Key value parser (HO)

(/usr/local/texlive/2013/texmf-dist/tex/generic/oberdiek/etexcmds.sty
Package: etexcmds 2011/02/16 v1.5 Avoid name clashes with e-TeX commands (HO)
Package etexcmds Info: Could not find \expanded.
(etexcmds)             That can mean that you are not using pdfTeX 1.50 or
(etexcmds)             that some package has redefined \expanded.
(etexcmds)             In the latter case, load this package earlier.
)))
Package grfext Info: Graphics extension search list:
(grfext)             [.png,.pdf,.jpg,.mps,.jpeg,.jbig2,.jb2,.PNG,.PDF,.JPG,.JPE
G,.JBIG2,.JB2,.eps]
(grfext)             \AppendGraphicsExtensions on input line 452.

(/usr/local/texlive/2013/texmf-dist/tex/latex/latexconfig/epstopdf-sys.cfg
File: epstopdf-sys.cfg 2010/07/13 v1.3 Configuration of (r)epstopdf for TeX Liv
e
))
<images/DSC00407.pdf, id=1, 4015.0pt x 3011.25pt>
File: images/DSC00407.pdf Graphic file (type pdf)
 <use images/DSC00407.pdf>
Package pdftex.def Info: images/DSC00407.pdf used on input line 51.
(pdftex.def)             Requested size: 375.80542pt x 281.84451pt.
LaTeX Font Info:    Try loading font information for OMS+cmr on input line 57.

(/usr/local/texlive/2013/texmf-dist/tex/latex/base/omscmr.fd
File: omscmr.fd 1999/05/25 v2.5h Standard LaTeX font definitions
)
LaTeX Font Info:    Font shape `OMS/cmr/m/n' in size <10.95> not available
(Font)              Font shape `OMS/cmsy/m/n' tried instead on input line 57.


Package Fancyhdr Warning: \headheight is too small (12.0pt): 
 Make it at least 13.59999pt.
 We now make it that large for the rest of the document.
 This may cause the page layout to be inconsistent, however.

[1{/usr/local/texlive/2013/texmf-var/fonts/map/pdftex/updmap/pdftex.map}

 <./images/DSC00407.pdf>] <images/coil_frame.pdf, id=21, 279.56346pt x 113.9336
5pt>
File: images/coil_frame.pdf Graphic file (type pdf)

<use images/coil_frame.pdf>
Package pdftex.def Info: images/coil_frame.pdf used on input line 74.
(pdftex.def)             Requested size: 324.13208pt x 132.09705pt.

Underfull \hbox (badness 7362) in paragraph at lines 80--81
\OT1/cmr/m/n/10.95 gap be-tween mag-net
 []


Overfull \hbox (3.01712pt too wide) in paragraph at lines 73--83
[][]   [] 
 []

<images/wind_coil.pdf, id=22, 279.56346pt x 113.93365pt>
File: images/wind_coil.pdf Graphic file (type pdf)

<use images/wind_coil.pdf>
Package pdftex.def Info: images/wind_coil.pdf used on input line 89.
(pdftex.def)             Requested size: 324.13208pt x 132.09705pt.

Underfull \hbox (badness 10000) in paragraph at lines 95--99
[]\OT1/cmr/bx/n/10.95 Leaving an ex-tra
 []


Underfull \hbox (badness 10000) in paragraph at lines 95--99
\OT1/cmr/bx/n/10.95 4-5" of wire on
 []


Underfull \hbox (badness 1975) in paragraph at lines 95--99
\OT1/cmr/bx/n/10.95 each end\OT1/cmr/m/n/10.95 , wind the
 []


Underfull \hbox (badness 10000) in paragraph at lines 95--99
\OT1/cmr/m/n/10.95 and work-ing to-ward
 []


Underfull \hbox (badness 10000) in paragraph at lines 95--99

 []


Underfull \hbox (badness 6658) in paragraph at lines 95--99
\OT1/cmr/bx/n/10.95 Use $\OMS/cmsy/m/n/10.95 ^^U \OT1/cmr/m/n/10.95 70$ \OT1/cm
r/bx/n/10.95 turns!
 []


Underfull \hbox (badness 2126) in paragraph at lines 95--99
\OT1/cmr/bx/n/10.95 of turns you used
 []


Underfull \hbox (badness 10000) in paragraph at lines 95--99

 []


Overfull \hbox (3.01712pt too wide) in paragraph at lines 88--101
[][]   [] 
 []

<images/scrape.pdf, id=23, 247.94331pt x 113.93365pt>
File: images/scrape.pdf Graphic file (type pdf)
 <use images/scrape.pdf>
Package pdftex.def Info: images/scrape.pdf used on input line 107.
(pdftex.def)             Requested size: 281.85585pt x 129.51888pt.

Overfull \hbox (31.20128pt too wide) in paragraph at lines 106--116
[][]   [] 
 []

[2 <./images/coil_frame.pdf> <./images/wind_coil.pdf> <./images/scrape.pdf>]
<images/plates.pdf, id=77, 279.56346pt x 113.93365pt>
File: images/plates.pdf Graphic file (type pdf)
 <use images/plates.pdf>
Package pdftex.def Info: images/plates.pdf used on input line 124.
(pdftex.def)             Requested size: 324.13208pt x 132.09705pt.

Underfull \hbox (badness 3108) in paragraph at lines 130--131
[]\OT1/cmr/m/n/10.95 Place the two larger
 []


Underfull \hbox (badness 3536) in paragraph at lines 130--131
\OT1/cmr/m/n/10.95 hold the mag-nets in
 []


Overfull \hbox (3.01712pt too wide) in paragraph at lines 123--133
[][]   [] 
 []

<images/spiders.pdf, id=78, 279.56346pt x 113.93365pt>
File: images/spiders.pdf Graphic file (type pdf)

<use images/spiders.pdf>
Package pdftex.def Info: images/spiders.pdf used on input line 139.
(pdftex.def)             Requested size: 324.13208pt x 132.09705pt.

Underfull \hbox (badness 3396) in paragraph at lines 145--146
[]\OT1/cmr/m/n/10.95 Tape them at op-po-
 []


Underfull \hbox (badness 5133) in paragraph at lines 145--146
\OT1/cmr/m/n/10.95 in-creased sta-bil-ity as
 []


Overfull \hbox (3.01712pt too wide) in paragraph at lines 138--148
[][]   [] 
 []

<images/finished.pdf, id=79, 152.58104pt x 113.93365pt>
File: images/finished.pdf Graphic file (type pdf)

<use images/finished.pdf>
Package pdftex.def Info: images/finished.pdf used on input line 154.
(pdftex.def)             Requested size: 187.89912pt x 140.30792pt.

Overfull \hbox (3.00996pt too wide) in paragraph at lines 153--165
[][]   [] 
 []

[3 <./images/plates.pdf> <./images/spiders.pdf> <./images/finished.pdf>]
Underfull \hbox (badness 10000) in paragraph at lines 175--182

 []


Underfull \hbox (badness 10000) in paragraph at lines 175--182

 []


Underfull \hbox (badness 10000) in paragraph at lines 175--182

 []


Underfull \hbox (badness 10000) in paragraph at lines 175--182

 []


Underfull \hbox (badness 10000) in paragraph at lines 175--182

 []


Underfull \hbox (badness 10000) in paragraph at lines 175--182

 []


Underfull \hbox (badness 10000) in paragraph at lines 175--182

 []


Underfull \hbox (badness 10000) in paragraph at lines 175--182

 []


Underfull \hbox (badness 10000) in paragraph at lines 175--182

 []


Underfull \hbox (badness 10000) in paragraph at lines 175--182

 []


Underfull \hbox (badness 10000) in paragraph at lines 175--182

 []


Underfull \hbox (badness 10000) in paragraph at lines 175--182

 []


Underfull \hbox (badness 10000) in paragraph at lines 175--182

 []


Underfull \hbox (badness 10000) in paragraph at lines 175--182

 []


Underfull \hbox (badness 10000) in paragraph at lines 175--182

 []


Underfull \hbox (badness 10000) in paragraph at lines 175--182

 []


Underfull \hbox (badness 10000) in paragraph at lines 175--182

 []


Underfull \hbox (badness 10000) in paragraph at lines 175--182

 []


Underfull \hbox (badness 10000) in paragraph at lines 175--182

 []


Underfull \hbox (badness 10000) in paragraph at lines 175--182

 []


Underfull \hbox (badness 10000) in paragraph at lines 175--182

 []


Underfull \hbox (badness 10000) in paragraph at lines 175--182

 []


Underfull \hbox (badness 10000) in paragraph at lines 175--182

 []


Underfull \hbox (badness 10000) in paragraph at lines 175--182

 []


Underfull \hbox (badness 10000) in paragraph at lines 175--182

 []


Underfull \hbox (badness 10000) in paragraph at lines 175--182

 []


Underfull \hbox (badness 10000) in paragraph at lines 175--182

 []

[4] <images/TransductionDiag.png, id=135, 609.77812pt x 208.27812pt>
File: images/TransductionDiag.png Graphic file (type png)

<use images/TransductionDiag.png>
Package pdftex.def Info: images/TransductionDiag.png used on input line 190.
(pdftex.def)             Requested size: 469.75499pt x 160.45726pt.

<images/TransductionDiag2.png, id=136, 609.77812pt x 139.52126pt>
File: images/TransductionDiag2.png Graphic file (type png)

<use images/TransductionDiag2.png>
Package pdftex.def Info: images/TransductionDiag2.png used on input line 197.
(pdftex.def)             Requested size: 469.75499pt x 107.48703pt.
 [5 <./images/TransductionDiag.png> <./images/TransductionDiag2.png>]
<images/bar_magnet.jpg, id=141, 304.13625pt x 204.01219pt>
File: images/bar_magnet.jpg Graphic file (type jpg)

<use images/bar_magnet.jpg>
Package pdftex.def Info: images/bar_magnet.jpg used on input line 215.
(pdftex.def)             Requested size: 197.6862pt x 132.60634pt.

<images/coil_field.pdf, id=142, 389.455pt x 250.9375pt>
File: images/coil_field.pdf Graphic file (type pdf)

<use images/coil_field.pdf>
Package pdftex.def Info: images/coil_field.pdf used on input line 216.
(pdftex.def)             Requested size: 214.2009pt x 138.01604pt.
 <images/sine.pdf, id=143, 1011.78pt x 252.945pt>
File: images/sine.pdf Graphic file (type pdf)

<use images/sine.pdf>
Package pdftex.def Info: images/sine.pdf used on input line 223.
(pdftex.def)             Requested size: 469.75499pt x 117.44066pt.
 [6 <./images/bar_magnet.jpg> <./images/coil_field.pdf> <./images/sine.pdf>]
<images/cross_section_diag.pdf, id=174, 425.59pt x 602.25pt>
File: images/cross_section_diag.pdf Graphic file (type pdf)

<use images/cross_section_diag.pdf>
Package pdftex.def Info: images/cross_section_diag.pdf used on input line 235.
(pdftex.def)             Requested size: 202.35622pt x 286.3566pt.

<images/cross_section.pdf, id=175, 903.375pt x 1027.84pt>
File: images/cross_section.pdf Graphic file (type pdf)

<use images/cross_section.pdf>
Package pdftex.def Info: images/cross_section.pdf used on input line 236.
(pdftex.def)             Requested size: 238.49121pt x 271.34119pt.
 [7 <./images/cross_section_diag.pdf> <./images/cross_section.pdf>] (./SpeakerB
uilding_Handout.aux) ) 
Here is how much of TeX's memory you used:
 2825 strings out of 493315
 39044 string characters out of 6137904
 103264 words of memory out of 5000000
 6214 multiletter control sequences out of 15000+600000
 9523 words of font info for 34 fonts, out of 8000000 for 9000
 957 hyphenation exceptions out of 8191
 38i,10n,45p,614b,289s stack positions out of 5000i,500n,10000p,200000b,80000s
</usr/local/texlive/2013/texmf-dist/fonts/type1/public/am
sfonts/cm/cmbx10.pfb></usr/local/texlive/2013/texmf-dist/fonts/type1/public/ams
fonts/cm/cmbx12.pfb></usr/local/texlive/2013/texmf-dist/fonts/type1/public/amsf
onts/cm/cmmi10.pfb></usr/local/texlive/2013/texmf-dist/fonts/type1/public/amsfo
nts/cm/cmr10.pfb></usr/local/texlive/2013/texmf-dist/fonts/type1/public/amsfont
s/cm/cmr9.pfb></usr/local/texlive/2013/texmf-dist/fonts/type1/public/amsfonts/c
m/cmsy10.pfb></usr/local/texlive/2013/texmf-dist/fonts/type1/public/amsfonts/cm
/cmti10.pfb>
Output written on SpeakerBuilding_Handout.pdf (7 pages, 7804698 bytes).
PDF statistics:
 247 PDF objects out of 1000 (max. 8388607)
 113 compressed objects within 2 object streams
 0 named destinations out of 1000 (max. 500000)
 71 words of extra memory for PDF output out of 10000 (max. 10000000)

